[   0.000000] Initializing cgroup subsys cpuset
[    0.000000] Initializing cggroup subsys cpu
[    0.000000] Initializing cgroup subsys cpuacct
[    0.000000] Linux version 4.4.0-130-generic (buildd@lgw01-amd64-039) (gcc version 5.4.0 20160609 (Ubuntu 5.4.0-6ubuntu1~16.04.9) ) #156-Ubuntu SMP Thu Jun 14 08:53:28 UTC 2018 (Ubuntu 4.4.0-130.156-generic 4.4.134)
[    0000000] Command line: BOOT_IMAGE=/boot/vmlinuz-4.4.0-130-generic root=LABEL=cloudimg-rootfs ro console=tty1 console=ttyS0
[    0.000000] KERNEL supported cpus:
[    0.000000]   Intel GenuineIntel
[    0.000000]   AMD AuthenticAMD
[    0.000000]   Centaur CentaurHauls
[    0.000000] x86/fpu: xstate_offset[2]:  576, xstate_sizes[2]:  256
[    0.000000] x86/fpu: Supporting XSAVE feature 0x01: 'x87 floating point registers'
[    0.000000] x86/fpu: Supporting XSAVE feature 0x02: 'SSE registers'
[    0.000000] x86/fpu: Supporting XSAVE feature 0x04: 'AVX registers'
[    0.000000] x86/fpu: Enabled xstate features 0x7, context size is 832 bytes, using 'standard' format.
[    0.000000] x86/fpu: Using 'eager' FPU context switches.
[    0.000000] e820: BIOS-provided physical RAM map:
[    0.000000] BIOS-e820: [mem 0x0000000000000000-0x000000000009fbff] usable
[    0.000000] BIOS-e820: [mem 0x000000000009fc00-0x000000000009ffff] reserved
[    0.000000] BIOS-e820: [mem 0x00000000000f0000-0x00000000000fffff] reserved
[    0.000000] BIOS-e820: [mem 0x0000000000100000-0x000000003ffeffff] usable
[    0.000000] BIOS-e820: [mem 0x000000003fff0000-0x000000003fffffff] ACPI data
[    0.000000] BIOS-e820: [mem 0x00000000fec00000-0x00000000fec00fff] reserved
[    0.000000] BIOS-e820: [mem 0x00000000fee00000-0x00000000fee00fff] reserved
[    0.000000] BIOS-e820: [mem 0x00000000fffc0000-0x00000000ffffffff] reserved
[    0.000000] NX (Execute Disable) protection: active
[    0.000000] SMBIOS 2.5 present.
[    0.000000] Hypervisor detected: KVM
[    0.000000] e820: last_pfn = 0x3fff0 max_arch_pfn = 0x400000000
[    0.000000] MTRR: Disabled
[    0.000000] x86/PAT: MTRRs disabled, skipping PAT initialization too.
[    0.000000] CPU MTRRs all blank - virtualized system.
[    0.000000] x86/PAT: Configuration [0-7]: WB  WT  UC- UC  WB  WT  UC- UC  
[    0.000000] foundd SMP MP-table at [mem 0x0009fff0-0x0009ffff] mapped at [ffff88000009fff0]
[    0.000000] Scanning 1 areas for low memory corruption
[    0.000000] RAMDISK: [mem 0x361f2000-0x370f0fff]
[    0.000000] ACPI: Early table checksum verification disabled
[    0.000000] ACPI: RSDP 0x00000000000E0000 000024 (v02 VBOX  )
[    0.000000] ACPI: XSDT 0x000000003FFF0030 00003C (v01 VB   VBOXXSDT 00000001 ASL  00000061)
[    0.000000] ACPI: FACP 0x000000003FFF00F0 0000F4 (v04 VBOX   VBOXFACP 00000001 ASL  00000061)
[    0.000000] ACPI: DSDT 0x000000003FFF0470 0021FF (v02 VBOX   VBOXBIOS 00000002 INTL 20100528)
[    0.000000] ACPI: FACS 0x000000003FFF0200 000040
[    0.000000] ACPI: FACS 0x000000003FFF0200 000040
[    0.000000] ACPI: APIC 0x000000003FFF0240 00005C (v02 VBOX   VBOXAPIC 00000001 ASL  00000061)
[    0.000000] ACPI: SSDT 0x000000003FFF02A0 0001CC (v01 VBOX   VBOXCPUT 00000002 INTL 20100528)
[    0.000000] No NUMA configuration found
[    0.000000] Faking a node at [mem 0x0000000000000000-0x000000003ffeffff]
[    0.000000] NODE_DATA(0) allocated [mem 0x3ffeb000-0x3ffeffff]
[    0.000000] kvm-clock: Using msrs 4b564d01 and 4b564d00
[    0.000000] kvm-clock: cpu 0, msr 0:3ffe3001, primary cpu clock
[    0.000000] kvm-clock: using sched offset of 4408552012 cycles
[    0.000000] clocksource: kvm-clock: mask: 0xffffffffffffffff max_cycles: 0x1cd42e4dffb, max_idle_ns: 881590591483 ns
[    0.000000] Zone ranges:
[    0.000000]   DMA      [mem 0x0000000000001000-0x0000000000ffffff]
[    0.000000]   DMA32    [mem 0x0000000001000000-0x000000003ffeffff]
[    0.000000]   Normal   empty
[    0.000000]   Device   empty
[    0.000000] Movable zone start for each node
[    0.000000] Early memory node ranges
[    0.000000]   node   0: [mem 0x0000000000001000-0x000000000009efff]
[    0.000000]   node   0: [mem 0x0000000000100000-0x000000003ffeffff]
[     0.000000] Initmem setup node 0 [mem 0x0000000000001000-0x000000003ffeffff]
[    0.000000] ACPI: PM-Timer IO Port: 0x4008
[    0.000000] IOAPIC[0]: apic_id 2, version 32, address 0xfec00000, GSI 0-23
[    0.000000] ACPI: INT_SRC_OVR (bus 0 bus_irq 0 global_irq 2 dfl dfl)
[    0.000000] ACPI: INT_SRC_OVR (bus 0 bus_irq 9 global_irq 9 low level)
[    0.000000] Using ACPI (MADT) for SMP configuration information
[    0.000000] smpboot: Allowing 2 CPUs, 0 hotplug CPUs
[    0.000000] PM: Registered nosave memory: [mem 0x00000000-0x00000fff]
[    0.000000] PM: Registered nosave memory: [mem 0x0009f000-0x0009ffff]
[    0.000000] PM: Registered nosave memory: [mem 0x000a0000-0x000effff]
[    0.000000] PM: Registered nosave memory: [mem 0x000f0000-0x000fffff]
[    0.000000] e820: [mem 0x40000000-0xfebfffff] available for PCI devices
[    0.000000] Booting paravirtualized kernel on KVM
[    0.000000] clocksource: refined-jiffies: mask: 0xffffffff max_cycles: 0xffffffff, max_idle_ns: 7645519600211568 ns
[    0.000000] setup_percpu: NR_CPUS:512 nr_cpumask_bits:512 nr_cpu_ids:2 nr_node_ids:1
[    0.000000] PERCPU: Embedded 34 pages/cpu @ffff883fc00000 s99544 r8192 d31528 u1048576
[    0.000000] PV qspinlock hash table entries: 256 (order: 0, 4096 bytes)
[    0.000000] Built 1 zonelists in Node order, mobility grouping on.  Total pages: 257912
[    0.000000] Policy zone: DMA32
[    0.000000] Kernel command line: BOOT_IMAGE=/boot/vmlinuz-4.4.0-130-generic root=LABEL=cloudimg-rootfs ro console=tty1 console=ttyS0
[    0.000000] PID hash table entries: 4096 (order: 3, 32768 bytes)
[    0.000000] Memory: 997160K/1048120K available (8546K kernel code, 1313K rwdata, 4000K rodata, 1516K init, 1316K bss, 50960K reserved, 0K cma-reserved)
[    0.000000] SLUB: HWalign=64, Order=0-3, MinObjects=0, CPUs=2, Nodes=1
[    0.000000] Kernel/Useer page tables isolation: enabled
[    0.000000] Hierarchical RCU implementation.
[    0.000000] 	Build-time adjustment of leaf fanout to 64.
[    0.000000] 	RCU restricting CPUs from NR_CPUS=512 to nr_cpu_ids=2.
[    0.000000] RCU: Adjusting geometry for rcu_fanout_leaf=64, nr_cpu_ids=2
[    0.000000] NR_IRQS:33024 nr_irqs:440 16
[    0.000000] Console: colour VGA+ 80x25
[    0.000000] console [tty1] enabled
[    0.000000] console [ttyS0] enabled
[    0.000000] tsc: Detected 2494.328 MHz processor
[    0.266702] Calibrating delay loop (skipped) preset value.. 4988.65 BogoMIPS (lpj=9977312)
[    0.268630] pid_max: default: 32768 minimum: 301
[    0.269678] ACPI: Core revision 20150930
[    0.271662] ACPI: 2 ACPI AML tables successfully acquired and loaded
[    0.273175] Security Framework initialized
[    0.274158] Yama: becoming mindful.
[    0.275028] AppArmor: AppArmor initialized
[    0.276087] Dentry cache hash table entries: 131072 (order: 8, 1048576 bytes)
[    0.278844] Inode-cache hash table entries: 65536 (order: 7, 524288 bytes)
[    0.280483] Mount-cache hash table entries: 2048 (order: 2, 16384 bytes)
[    0.281947] Mountpoint-cache hash table entries: 2048 (order: 2, 16384 bytes)
[    0.283556] Initializing cgroup subsys io
[    0.284539] Initializing cgroup subsys memory
[    0.285607] Initializing cgroup subsys devices
[    0.286631] Initializing cgroup subsys freezer
[    0.287650] Initializing cgroup subsys net_cls
[    0.288677] Initializing cgroup subsys perf_event
[    0.289816] Initializing cgroup subsys net_prio
[    0.290863] Initializing cgroup subsys hugetlb
[    0.291925] Initializing cgroup subsys pids
[    0.292959] CPU: Physical Processor ID: 0
[    0.293951] CPU: Processor Core ID: 0
[    0.295160] mce: CPU supports 0 MCE banks
[    0.296149] Last level iTLB entries: 4KB 512, 2MB 8, 4MB 8
[    0.297338] Last level dTLB entries: 4KB 512, 2MB 32, 4MB 32, 1GB 0
[    0.298685] Spectre V2 : Mitigation: Full generic retpoline
[    0.299881] Spectre V2 : Speculation control IBPB not-supported IBRS not-supported
[    0.301391] Speculative Store Bypass: Vulnerable
[    0.305686] Freeing SMP alternatives memory: 32K
[    0.315966] ftrace: allocating 32245 entries in 126 pages
[    0.377955] smpboot: APIC(0) Converting physical 0 to logical package 0
[    0.391189] smpboot: Max logical packages: 1
[    0.402862] x2apic enabled
[    0.418360] Switched APIC routing to physical x2apic.
[    0.423989] ..TIMER: vector=0x30 apic1=0 pin1=2 apic2=-1 pin2=-1
[    0.537811] smpboot: CPU0: Intel(R) Core(TM) i5-3210M CPU @ 2.50GHz (family: 0x6, model: 0x3a, stepping: 0x9)
[    0.629907] Performance Events: unsupported p6 CPU model 58 no PMU driver, software events only.
[    0.632073] KVM setup paravirtual spinlock
[    0.633787] x86: Booting SMP configuration:
[    0.634822] .... node  #0, CPUs:      #1
[    0.635906] kvm-clock: cpu 1, msr 0:3ffe3041, secondary cpu clock
[    0.637542] mce: CPU supports 0 MCE banks
[    0.640364] x86: Booted up 1 node, 2 CPUs
[    0.641552] smpboot: Total of 2 processors activated (9977.31 BogoMIPS)
[    0.643423] devtmpfs: initialized
[    0.646447] evm: security.selinux
[    0.647282] evm: security.SMACK64
[    0.648112] evm: security.SMACK64EXEC
[    0.649101] evm: security.SMACK64TRANSMUTE
[    0.662180] evm: security.SMACK64MMAP
[    0.677594] evm: security.ima
[    0.691455] evm: security.capability
[    0.703380] clocksource: jiffies: mask: 0xffffffff max_cycles: 0xffffffff, max_idle_ns: 7645041785100000 ns
[    0.707149] futex hash table entries: 512 (order: 3, 32768 bytes)
[    0.708995] pinctrl core: initialized pinctrl subsystem
[    0.729679] RTC time: 18:56:24, date: 07/19/18
[    0.745310] NET: Registered protocol family 16
[    0.761514] cpuidle: using governor ladder
[    0.794933] cpuidle: using governor menu
[    0.801563] PCCT header not found.
[    0.802699] ACPI: bus type PCI registered
[    0.803880] acpiphp: ACPI Hot Plug PCI Controller Driver version: 0.5
[    0.823670] PCI: Using configuration type 1 for base access
[    0.852019] ACPI: Added _OSI(Module Device)
[    0.873572] ACPI: Added _OSI(Processor Device)
[    0.899785] ACPI: Added _OSI(3.0 _SCP Extensions)
[    0.917316] ACPI: Added _OSI(Processor Aggregator Device)
[    0.923951] ACPI: Executed 1 blocks of module-level executable AML code
[    0.945498] ACPI: Interpreter enabled
[    0.946402] ACPI: (supports S0 S5)
[    0.947247] ACPI: Using IOAPIC for interrupt routing
[    0.948638] PCI: Using host bridge windows from ACPI; if necessary, use "pci=nocrs" and report a bug
[    0.954729] ACPI: PCI Root Bridge [PCI0] (domain 0000 [bus 00-ff])
[    0.956089] acpi PNP0A03:00: _OSC: OS supports [ASPM ClockPM Segments MSI]
[    0.957536] acpi PNP0A03:00: _OSC: not requesting OS control; OS requires [ExtendedConfig ASPM ClockPM MSI]
[    0.959630] acpi PNP0A03:00: fail to add MMCONFIG information, can't access extended PCI configuration space under this bridge.
[    0.962429] PCI host bridge to bus 0000:00
[    0.963391] pci_bus 0000:00: root bus resource [io  0x0000-0x0cf7 window]
[    0.964840] pci_bus 0000:00: root bus resource [io  0x0d00-0xffff window]
[    0.966247] pci_bus 0000:00: root bus resource [mem 0x000a0000-0x000bffff window]
[    0.967991] pci_bus 0000:00: root bus resource [mem 0x40000000-0xfdffffff window]
[    0.969762] pci_bus 0000:00: root bus resource [bus 00-ff]
[    0.973102] pci 0000:00:01.1: legacy IDE quirk: reg 0x10: [io  0x01f0-0x01f7]
[    0.974565] pci 0000:00:01.1: legacy IDE quirk: reg 0x14: [io  0x03f6]
[    0.975913] pci 0000:00:01.1: legacy IDE quirk: reg 0x18: [io  0x0170-0x0177]
[    0.987694] pci 0000:00:01.1: legacy IDE quirk: reg 0x1c: [io  0x0376]
[    1.009272] pci 0000:00:07.0: quirk: [io  0x4000-0x403f] claimed by PIIX4 ACPI
[    1.022132] pci 0000:00:07.0: quirk: [io  0x4100-0x410f] claimed by PIIX4 SMB
[    1.053454] ACPI: PCI Interrupt Link [LNKA] (IRQs 5 9 10 *11)
[    1.068907] ACPI: PCI Interrupt Link [LNKB] (IRQs 5 9 *10 11)
[    1.093346] ACPI: PCI Interrupt Link [LNKC] (IRQs 5 *9 10 11)
[    1.113838] ACPI: PCI Interrupt Link [LNKD] (IRQs 5 9 10 *11)
[    1.144334] ACPI: Enabled 2 GPEs in block 00 to 07
[    1.161270] vgaarb: setting as boot device: PCI:0000:00:02.0
[    1.162855] vgaarb: device added: PCI:0000:00:02.0,decodes=io+mem,owns=io+mem,locks=none
[    1.165495] vgaarb: loaded
[    1.166427] vgaarb: bridge control possible 0000:00:02.0
[    1.168235] SCSI subsystem initialized
[    1.172354] ACPI: bus type USB registered
[    1.173592] usbcore: registered new interface driver usbfs
[    1.175162] usbcore: registered new interface driver hub
[    1.176692] usbcore: registered new device driver usb
[    1.179718] PCI: Using ACPI for IRQ routing
[    1.181678] NetLabel: Initializing
[    1.182995] NetLabel:  domain hash size = 128
[    1.184592] NetLabel:  protocols = UNLABELED CIPSOv4
[    1.186491] NetLabel:  unlabeled traffic allowed by default
[    1.188295] amd_nb: Cannot enumerate AMD northbridges
[    1.189790] clocksource: Switched to clocksource kvm-clock
[    1.213573] AppArmor: AppArmor Filesystem Enabled
[    1.215340] pnp: PnP ACPI init
[    1.217238] pnp: PnP ACPI: found 3 devices
[  1306]losoceacpi_pm: mask: 0xffff mx_cl: ffffff, axide_: 8510 n
[  20753] NET: Registered protocol family 2

[    2.228356] TCP established hash table entries: 8192 (order: 4, 65536 bytes)
[    2.230026] TCP bind hash table entries: 8192 (order: 5, 131072 bytes)
[  2.231573] TCP: Hash tables configured (established 8192 bind 8192)
[    2.283917] UDP hash table entries: 512 (order: 2, 16384 bytes)
[    2.285540] UDP-Lite hash table entries: 512 (order: 2, 16384 bytes)
[    2.287313] NET: Registered protocol family 1
[    2.288868] pci 0000:00:00.0: Limiting direct PCI/PCI transfers
[    2.290561] pci 0000:00:01.0: Activating ISA DMA hang workarounds
[    2.292460] Unpacking initramfs...

[    2.526815] Freeing initrd memory: 15356K
[    2.538705] RAPL PMU detected, API unit is 2^-32 Joules, 3 fixed counters 10737418240 ms ovfl timer
[    2.553044] hw unit of domain pp0-core 2^-0 Joules
[    2.579341] hw unit of domain package 2^-0 Joules
[    2.587609] hw unit of domain pp1-gpu 2^-0 Joules
[    2.603790] platform rtc_cmos: registered platform RTC device (no PNP device found)
[    2.615563] Scanning for low memory corruption every 60 seconds
[    2.617233] audit: initializing netlink subsys (disabled)
[    2.618481] audit: type=2000 audit(1532026591.018:1): initialized
[    2.620526] Initialise system trusted keyring
[    2.622323] HugeTLB registered 2 MB page size, pre-allocated 0 pages
[    2.625651] zbud: loaded
[    2.634491] VFS: Disk quotas dquot_6.6.0
[    2.664028] VFS: Dquot-cache hash table entries: 512 (order 0, 4096 bytes)
[    2.685315] squashfs: version 4.0 (2009/01/31) Phillip Lougher
[    2.686944] fuse init (API version 7.23)
[    2.688042] Key type big_key registered
[    2.688974] Allocating IMA MOK and blacklist keyrings.
[    2.691622] Key type asymmetric registered
[    2.707062] Asymmetric key parser 'x509' registered
[    2.708220] Block layer SCSI generic (bsg) driver version 0.4 loaded (major 249)
[    2.710115] io scheduler noop registered
[    2.711051] io scheduler deadline registered (default)
[    2.712240] io scheduler cfq registered
[    2.713267] pci_hotplug: PCI Hot Plug PCI Core version: 0.5
[    2.714537] pciehp: PCI Express Hot Plug Controller Driver version: 0.4
[    2.716047] ACPI: AC Adapter [AC] (off-line)
[    2.717090] input: Power Button as /devices/LNXSYSTM:00/LNXPWRBN:00/input/input0
[    2.720313] ACPI: Power Button [PWRF]
[    2.721391] input: Sleep Button as /devices/LNXSYSTM:00/LNXSLPBN:00/input/input1
[    2.732223] ACPI: Sleep Button [SLPF]
[    2.751202] GHES: HEST is not enabled!
[    2.754626] ACPI: Battery Slot [BAT0] (battery present)
[    2.778732] Serial: 8250/16550 driver, 32 ports, IRQ sharing enabled
[    2.852884] 00:02: ttyS0 at I/O 0x3f8 (irq = 4, base_baud = 115200) is a 16550A
[    2.906900] Linux agpgart interface v0.103
[    2.925825] loop: module loaded
[    2.927806] scsi host0: ata_piix
[    2.929216] scsi host1: ata_piix
[    2.930374] ata1: PATA max UDMA/33 cmd 0x1f0 ctl 0x3f6 bmdma 0xd000 irq 14
[    2.932292] ata2: PATA max UDMA/33 cmd 0x170 ctl 0x376 bmdma 0xd008 irq 15
[    2.934723] libphy: Fixed MDIO Bus: probed
[    2.935957] tun: Universal TUN/TAP device driver, 1.6
[    2.962054] tun: (C) 1999-2004 Max Krasnyansky <maxk@qualcomm.com>
[    3.000804] PPP generic driver version 2.4.2
[    3.018554] ehci_hcd: USB 2.0 'Enhanced' Host Controller (EHCI) Driver
[    3.031369] ehci-pci: EHCI PCI platform driver
[    3.041368] ehci-platform: EHCI generic platform driver
[    3.054857] ohci_hcd: USB 1.1 'Open' Host Controller (OHCI) Driver
[    3.058688] ohci-pci: OHCI PCI platform driver
[    3.079454] ohci-platform: OHCI generic platform driver
[    3.101810] uhci_hcd: USB Universal Host Controller Interface driver
[    3.119470] i8042: PNP: PS/2 Controller [PNP0303:PS2K,PNP0f03:PS2M] at 0x60,0x64 irq 1,12
[    3.121950] serio: i8042 KBD port at 0x60,0x64 irq 1
[    3.123064] serio: i8042 AUX port at 0x60,0x64 irq 12
[    3.124312] mousedev: PS/2 mouse device common for all mice
[    3.126165] input: AT Translated Set 2 keyboard as /devices/platform/i8042/serio0/input/input2
[    3.128172] rtc_cmos rtc_cmos: rtc core: registered rtc_cmos as rtc0
[    3.129688] rtc_cmos rtc_cmos: alarms up to one day, 114 bytes nvram
[    3.131074] i2c /dev entries driver
[    3.132008] device-mapper: uevent: version 1.0.3
[    3.133158] device-mapper: ioctl: 4.34.0-ioctl (2015-10-28) initialised: dm-devel@redhat.com
[    3.135128] ledtrig-cpu: registered to indicate activity on CPUs
[    3.137052] NET: Registered protocol family 10
[    3.150219] NET: Registered protocol family 17
[    3.158261] Key type dns_resolver registered
[    3.164462] registered taskstats version 1
[    3.176785] Loading compiled-in X.509 certificates
[    3.182950] Loaded X.509 cert 'Build time autogenerated kernel key: b3e0fe4bcd6378c38a2c0a4648abbc1fa5043a22'
[    3.192137] zswap: loaded using pool lzo/zbud
[    3.195435] Key type trusted registered
[    3.200386] Key type encrypted registered
[    3.201396] AppArmor: AppArmor sha1 policy hashing enabled
[    3.202689] ima: No TPM chip found, activating TPM-bypass!
[    3.204000] ima: Allocated hash algorithm: sha1
[    3.211538] evm: HMAC attrs: 0x1
[    3.212816]   Magic number: 10:235:949
[    3.213745] mdio_bus fixed-0: hash matches
[    3.214766] tty tty6: hash matches
[    3.215625] memory memory2: hash matches
[    3.216614] rtc_cmos rtc_cmos: setting system clock to 2018-07-19 18:56:26 UTC (1532026586)
[    3.218763] BIOS EDD facility v0.16 2004-Jun-25, 0 devices found
[    3.220057] EDD information not available.
[    3.222463] Freeing unused kernel memory: 1516K
[    3.237869] Write protecting the kernel read-only data: 14336k
[    3.239882] Freeing unused kernel memory: 1680K
[    3.250771] Freeing unused kernel memory: 96K
Loading, please wait...
starting version 229
[    3.267713] random: systemd-udevd: uninitialized urandom read (16 bytes read, 2 bits of entropy available)
[    3.268569] random: udevadm: uninitialized urandom read (16 bytes read, 2 bits of entropy available)
[    3.268593] random: udevadm: uninitialized urandom read (16 bytes read, 2 bits of entropy available)
[    3.276962] random: systemd-udevd: uninitialized urandom read (16 bytes read, 2 bits of entropy available)
[    3.280261] random: systemd-udevd: uninitialized urandom read (16 bytes read, 2 bits of entropy available)
[    3.283388] random: udevadm: uninitialized urandom read (16 bytes read, 2 bits of entropy available)
[    3.283439] random: udevadm: uninitialized urandom read (16 bytes read, 2 bits of entropy available)
[    3.283603] random: udevadm: uninitialized urandom read (16 bytes read, 2 bits of entropy available)
[    3.283666] random: udevadm: uninitialized urandom read (16 bytes read, 2 bits of entropy available)
[    3.283756] random: udevadm: uninitialized urandom read (16 bytes read, 2 bits of entropy available)
[    3.352671] Fusion MPT base driver 3.04.20
[    3.354265] Copyright (c) 1999-2008 LSI Corporation
[    3.366318] e1000: Intel(R) PRO/1000 Network Driver - version 7.3.21-k8-NAPI
[    3.381839] e1000: Copyright (c) 1999-2006 Intel Corporation.
[    3.406769] Fusion MPT SPI Host driver 3.04.20
[    3.417231] AVX version of gcm_enc/dec engaged.
[    3.418642] AES CTR mode by8 optimization enabled
[    3.601857] tsc: Refined TSC clocksource calibration: 2494.355 MHz
[    3.603637] clocksource: tsc: mask: 0xffffffffffffffff max_cycles: 0x23f46508f56, max_idle_ns: 440795220701 ns
[    3.606689] input: ImExPS/2 Generic Explorer Mouse as /devices/platform/i8042/serio1/input/input4
[    3.786791] e1000 0000:00:03.0 eth0: (PCI:33MHz:32-bit) 02:5a:44:01:54:08
[    3.788435] e1000 0000:00:03.0 eth0: Intel(R) PRO/1000 Network Connection
[    3.798057] mptbase: ioc0: Initiating bringup
[    3.798917] e1000 0000:00:03.0 enp0s3: renamed from eth0
[    3.893094] ioc0: LSI53C1030 A0: Capabilities={Initiator}
[    5.484992] scsi host2: ioc0: LSI53C1030 A0, FwRev=00000000h, Ports=1, MaxQ=256, IRQ=20
[    6.282456] scsi 2:0:0:0: Direct-Access     VBOX     HARDDISK         1.0  PQ: 0 ANSI: 5
[    6.320549] scsi target2:0:0: Beginning Domain Validation
[    6.334031] scsi target2:0:0: Domain Validation skipping write tests
[    6.366563] scsi target2:0:0: Ending Domain Validation
[    6.378828] scsi target2:0:0: asynchronous
[    6.590011] scsi 2:0:1:0: Direct-Access     VBOX     HARDDISK         1.0  PQ: 0 ANSI: 5
[    6.625685] scsi target2:0:1: Beginning Domain Validation
[    6.628791] scsi target2:0:1: Domain Validation skipping write tests
[    6.630698] scsi target2:0:1: Ending Domain Validation
[    6.632582] scsi target2:0:1: asynchronous
[    6.642303] sd 2:0:0:0: [sda] 20971520 512-byte logical blocks: (10.7 GB/10.0 GiB)
[    6.644858] sd 2:0:0:0: [sda] Write Protect is off
[    6.646890] sd 2:0:0:0: [sda] Incomplete mode parameter data
[    6.648759] sd 2:0:0:0: [sda] Assuming drive cache: write through
[    6.650075] sd 2:0:0:0: Attached scsi generic sg0 type 0
[    6.651120] sd 2:0:1:0: Attached scsi generic sg1 type 0
[    6.660949] sd 2:0:1:0: [sdb] 20480 512-byte logical blocks: (10.5 MB/10.0 MiB)
[    6.663754] sd 2:0:1:0: [sdb] Write Protect is off
[    6.665759] sd 2:0:1:0: [sdb] Incomplete mode parameter data
[    6.667819] sd 2:0:1:0: [sdb] Assuming drive cache: write through
[    6.699955]  sda: sda1
[    6.701583] sd 2:0:0:0: [sda] Attached SCSI disk
[    6.731978] sd 2:0:1:0: [sdb] Attached SCSI disk
Begin: Loading essential drivers ... [    8.216481] md: linear personality registered for level -1
[    8.221233] md: multipath personality registered for level -4
[    8.226362] md: raid0 personality registered for level 0
[    8.232049] md: raid1 personality registered for level 1
[    8.305894] raid6: sse2x1   gen()  7921 MB/s
[    8.385975] raid6: sse2x1   xor()  6500 MB/s
[    8.469927] raid6: sse2x2   gen()  9992 MB/s
[    8.538271] raid6: sse2x2   xor()  7126 MB/s
[    8.610515] raid6: sse2x4   gen() 11127 MB/s
[    8.677877] raid6: sse2x4   xor()  8551 MB/s
[    8.678953] raid6: using algorithm sse2x4 gen() 11127 MB/s
[    8.680144] raid6: .... xor() 8551 MB/s, rmw enabled
[    8.681287] raid6: using ssse3x2 recovery algorithm
[    8.684143] xor: automatically using best checksumming function:
[    8.722289]    avx       : 19527.000 MB/sec
[    8.742331] async_tx: api initialized (async)
[    8.751594] md: raid6 personality registered for level 6
[    8.752981] md: raid5 personality registered for level 5
[    8.754500] md: raid4 personality registered for level 4
[    8.762174] md: raid10 personality registered for level 10
done.
Begin: Running /scripts/init-premount ... done.
Begin: Mounting root file system ... Begin: Running /scripts/local-top ... done.
Begin: Running /scripts/local-premount ... [    8.801464] Btrfs loaded
Scanning for Btrfs filesystems
done.
Warning: fsck not present, so skipping root file system
[    9.006192] EXT4-fs (sda1): mounted filesystem with ordered data mode. Opts: (null)
done.
Begin: Running /scripts/local-bottom ... done.
Begin: Running /scripts/init-bottom ... done.
[    9.798362] random: nonblocking pool is initialized
[   10.218556] systemd[1]: systemd 229 running in system mode. (+PAM +AUDIT +SELINUX +IMA +APPARMOR +SMACK +SYSVINIT +UTMP +LIBCRYPTSETUP +GCRYPT +GNUTLS +ACL +XZ -LZ4 +SECCOMP +BLKID +ELFUTILS +KMOD -IDN)
[   10.287359] systemd[1]: Detected virtualization oracle.
[   10.302212] systemd[1]: Detected architecture x86-64.

Welcome to [1mUbuntu 16.04.5 LTS[0m!

[   10.407139] systemd[1]: Set hostname to <pythonlamp>.
[   12.042376] systemd[1]: Created slice User and Session Slice.
[[0;32m  OK  [0m] Created slice User and Session Slice.
[   12.074815] systemd[1]: Listening on LVM2 poll daemon socket.
[[0;32m  OK  [0m] Listening on LVM2 poll daemon socket.
[   12.142118] systemd[1]: Started Forward Password Requests to Wall Directory Watch.
[[0;32m  OK  [0m] Started Forward Password Requests to Wall Directory Watch.
[   12.146520] systemd[1]: Set up automount Arbitrary Executable File Formats File System Automount Point.
[[0;32m  OK  [0m] Set up automount Arbitrary Executab...ats File System Automount Point.
[   12.153797] systemd[1]: Listening on Device-mapper event daemon FIFOs.
[[0;32m  OK  [0m] Listening on Device-mapper event daemon FIFOs.
[   12.157520] systemd[1]: Listening on Journal Audit Socket.
[[0;32m  OK  [0m] Listening on Journal Audit Socket.
[   12.160729] systemd[1]: Listening on udev Kernel Socket.
[[0;32m  OK  [0m] Listening on udev Kernel Socket.
[   12.165830] systemd[1]: Reached target System Time Synchronized.
[[0;32m  OK  [0m] Reached target System Time Synchronized.
[   12.171573] systemd[1]: Reached target User and Group Name Lookups.
[[0;32m  OK  [0m] Reached target User and Group Name Lookups.
[   12.177595] systemd[1]: Started Trigger resolvconf update for networkd DNS.
[[0;32m  OK  [0m] Started Trigger resolvconf update for networkd DNS.
[   12.181811] systemd[1]: Created slice System Slice.
[[0;32m  OK  [0m] Created slice System Slice.
[   12.188866] systemd[1]: Created slice system-serial\x2dgetty.slice.
[[0;32m  OK  [0m] Created slice system-serial\x2dgetty.slice.
[   12.192197] systemd[1]: Reached target Slices.
[[0;32m  OK  [0m] Reached target Slices.
[   12.194994] systemd[1]: Listening on Journal Socket.
[[0;32m  OK  [0m] Listening on Journal Socket.
[   12.222123] systemd[1]: Starting Load Kernel Modules...
         Starting Load Kernel Modules...
[   12.247214] systemd[1]: Starting Remount Root and Kernel File Systems...
         Starting Remount Root and Kernel File Systems...
[   12.294425] systemd[1]: Mounting Debug File System...
         Mounting Debug File System...
[   12.315033] systemd[1]: Starting Create list of required static device nodes for the current kernel...
         Starting Create list of required st... nodes for the current kernel...
[   12.341961] systemd[1]: Listening on udev Control Socket.
[[0;32m  OK  [0m] Listening on udev Control Socket.
[   12.406993] systemd[1]: Mounting Huge Pages File System...
         Mounting Huge Pages File System...
[   12.410168] systemd[1]: Reached target Encrypted Volumes.
[   12.411975] Loading iSCSI transport class v2.0-870.
[[0;32m  OK  [0m] Reached target Encrypted Volumes.
[   12.423513] systemd[1]: Listening on /dev/initctl Compatibility Named Pipe.
[[0;32m  OK  [0m] Listening on /dev/initctl Compatibility Named Pipe.
[   12.463222] systemd[1]: Listening on LVM2 metadata daemon socket.
[[0;32m  OK  [0m] Listening on LVM2 metadata daemon socket.
[   12.494469] systemd[1]: Listening on Syslog Socket.
[[0;32m  OK  [0m] Listening on Syslog Socket.[   12.526404] iscsi: registered transport (tcp)

[   12.585955] EXT4-fs (sda1): re-mounted. Opts: (null)
[   12.598751] systemd[1]: Starting Monitoring of LVM2 mirrors, snapshots etc. using dmeventd or progress polling...
         Starting Monitoring of LVM2 mirrors... dmeventd or progress polling...
[   12.662639] systemd[1]: Starting Nameserver information manager...
         Starting Nameserver information manager...
[   12.687115] systemd[1]: Mounting POSIX Message Queue File System...
         Mounting POSIX Message Queue File System...
[   12.696320] systemd[1]: Reached target Swap.
[[0;32m  OK  [0m] Reached target Swap.
[   12.701766] systemd[1]: Starting Set console keymap...
         Starting Set console keymap...
[   12.726732] systemd[1]: Listening on Journal Socket (/dev/log).
[[0;32m  OK  [0m] Listening on Journal Socket (/dev/log).
[   12.766685] systemd[1]: Starting Journal Service...
         Starting Journal Service...
[   12.783925] systemd[1]: Starting Uncomplicated firewall...
         Starting Uncomplicated firewall...
[   12.800022] systemd[1]: Mounted Debug File System.
[[0;32m  OK  [0m] Mounted Debug File System.
[   12.815463] systemd[1]: Mounted Huge Pages File System.
[[0;32m  OK  [0m] Mounted Huge Pages File System.
[   12.874785] systemd[1]: Mounted POSIX Message Queue File System.
[[0;32m  OK  [0m] Mounted POSIX Message Queue File System.
[   12.899545] systemd[1]: Started Remount Root and Kernel File Systems.
[[0;32m  OK  [0m] Started Remount Root and Ker[   12.949421] iscsi: registered transport (iser)
nel File Systems.
[   12.972771] systemd[1]: Started Create list of required static device nodes for the current kernel.
[[0;32m  OK  [0m] Started Create list of required sta...ce nodes for the current kernel.
[   13.043517] systemd[1]: Started Load Kernel Modules.
[[0;32m  OK  [0m] Started Load Kernel Modules.
[   13.112959] systemd[1]: Started Nameserver information manager.
[[0;32m  OK  [0m] Started Nameserver information manager.
[   13.174231] systemd[1]: Started LVM2 metadata daemon.
[[0;32m  OK  [0m] Started LVM2 metadata daemon.
[   13.195928] systemd[1]: Starting Apply Kernel Variables...
         Starting Apply Kernel Variables...
[   13.208485] systemd[1]: Mounting FUSE Control File System...
         Mounting FUSE Control File System...
[   13.213147] systemd[1]: Starting Create Static Device Nodes in /dev...
         Starting Create Static Device Nodes in /dev...
[   13.298274] systemd[1]: Starting udev Coldplug all Devices...
         Starting udev Coldplug all Devices...
[   13.319800] systemd[1]: Starting Load/Save Random Seed...
         Starting Load/Save Random Seed...
[   13.328813] systemd[1]: Mounted FUSE Control File System.
[[0;32m  OK  [0m] Mounted FUSE Control File System.
[   13.383355] systemd[1]: Started Set console keymap.
[[0;32m  OK  [0m] Started Set console keymap.
[   13.386935] systemd[1]: Started Uncomplicated firewall.
[[0;32m  OK  [0m] Started Uncomplicated firewall.
[   13.520007] systemd[1]: Started Load/Save Random Seed.
[[0;32m  OK  [0m] Started Load/Save Random Seed.
[[0;32m  OK  [0m] Started Apply Kernel Variables.
[[0;32m  OK  [0m] Started Journal Service.
[[0;32m  OK  [0m] Started udev Coldplug all Devices.
[[0;32m  OK  [0m] Started Monitoring of LVM2 mirrors,...ng dmeventd or progress polling.
         Starting Flush Journal to Persistent Storage...
[[0;32m  OK  [0m] Started Flush Journal to Persistent Storage.
[[0;32m  OK  [0m] Started Create Static Device Nodes in /dev.
         Starting udev Kernel Device Manager...
[[0;32m  OK  [0m] Started udev Kernel Device Manager.
[[0;32m  OK  [0m] Started Dispatch Password Requests to Console Directory Watch.
[[0;32m  OK  [0m] Reached target Local File Systems (Pre).
[[0;32m  OK  [0m] Reached target Local File Systems.
         Starting LSB: AppArmor initialization...
         Starting Set console font and keymap...
         Starting Tell Plymouth To Write Out Runtime Data...
         Starting Create Volatile Files and Directories...
         Starting Initial cloud-init job (pre-networking)...
[[0;32m  OK  [0m] Started Tell Plymouth To Write Out Runtime Data.
[[0;32m  OK  [0m] Found device /dev/ttyS0.
[[0;32m  OK  [0m] Started Create Volatile Files and Directories.
         Starting Update UTMP about System Boot/Shutdown...
[[0;32m  OK  [0m] Listening on Load/Save RF Kill Switch Status /dev/rfkill Watch.
[[0;32m  OK  [0m] Started Update UTMP about System Boot/Shutdown.
[[0;32m  OK  [0m] Found device 82540EM Gigabit Ethern...r (PRO/1000 MT Desktop Adapter).
[[0;32m  OK  [0m] Started Set console font and keymap.
[[0;32m  OK  [0m] Created slice system-getty.slice.
[[0;32m  OK  [0m] Started LSB: AppArmor initialization.
[   22.147559] cloud-init[485]: Cloud-init v. 18.2 running 'init-local' at Thu, 19 Jul 2018 18:56:45 +0000. Up 21.35 seconds.
[[0;32m  OK  [0m] Started Initial cloud-init job (pre-networking).
[[0;32m  OK  [0m] Reached target Network (Pre).
         Starting Raise network interfaces...
[[0;32m  OK  [0m] Started ifup for enp0s3.
[[0;32m  OK  [0m] Started Raise network interfaces.
         Starting Initial cloud-init job (metadata service crawler)...
[[0;32m  OK  [0m] Reached target Network.
[   23.938659] cloud-init[954]: Cloud-init v. 18.2 running 'init' at Thu, 19 Jul 2018 18:56:47 +0000. Up 23.00 seconds.
[[0;32m  OK  [0m] Started Initial cloud-init job (metadata service crawler).
[   24.065569] [[0;32m  OK  [0m] Reached target System Initialization.
[[0;32m  OK  [0m] Started Daily Cleanup of Temporary Directories.
         Starting Socket activation for snappy daemon.
cloud-init[954]: ci-info: +++++++++++++++++++++++++++++++++++++Net device info++++++++++++++++++++++++++++++++++++++
[   24.161278] cloud-init[954]: ci-info: +--------+------+----------------------------+---------------+-------+-------------------+
[   24.161680] cloud-init[954]: ci-info: | Device |  Up  |          Address           |      Mask     | Scope |     Hw-Address    |
[   24.161958] cloud-init[954]: ci-info: +--------+------+----------------------------+---------------+-------+-------------------+
         Starting LXD - unix socket.
[[   24.162526] cloud-init[954]: ci-info: | enp0s3 | True |         10.0.2.15          | 255.255.255.0 |   .   | 02:5a:44:01:54:08 |
[   24.385938] cloud-init[954]: ci-info: | enp0s3 | True | fe80::5a:44ff:fe01:5408/64 |       .       |  link | 02:5a:44:01:54:08 |
[   24.386151] cloud-init[954]: ci-info: |   lo   | True |         127.0.0.1          |   255.0.0.0   |   .   |         .         |
[0;32m  OK  [0m] Listening on UUID daemon activation socket.
[   24.386320] cloud-init[954]: ci-info: |   lo   | True |          ::1/128           |       .       |  host |         .         |
[   24.579234] cloud-init[954]: ci-info: +--------+------+----------------------------+---------------+-------+-------------------+
[   24.582213] cloud-init[954]: ci-info: +++++++++++++++++++++++++++Route IPv4 info++++++++++++++++++++++++++++
[   24.584799] cloud-init[954]: ci-info: +-------+-------------+----------+---------------+-----------+-------+
[   24.587495] cloud-init[954]: ci-info: | Route | Destination | Gateway  |    Genmask    | Interface | Flags |
[   24.590113] cloud-init[954]: ci-info: +-------+-------------+----------+---------------+-----------+-------+
[   24.592855] cloud-init[954]: ci-info: |   0   |   0.0.0.0   | 10.0.2.2 |    0.0.0.0    |   enp0s3  |   UG  |
[   24.595614] cloud-init[954]: ci-info: |   1   |   10.0.2.0  | 0.0.0.0  | 255.255.255.0 |   enp0s3  |   U   |
[   24.632320] cloud-init[954]: ci-info: +-------+-------------+----------+---------------+-----------+-------+
[[0;32m  OK  [0m] Started Daily apt download activities.
[[0;32m  OK  [0m] Started ACPI Events Check.
[[0;32m  OK  [0m] Reached target Paths.
[[0;32m  OK  [0m] Listening on ACPID Listen Socket.
[[0;32m  OK  [0m] Started Daily apt upgrade and clean activities.
[[0;32m  OK  [0m] Reached target Timers.
[[0;32m  OK  [0m] Listening on D-Bus System Message Bus Socket.
[[0;32m  OK  [0m] Reached target Cloud-config availability.
[[0;32m  OK  [0m] Reached target Network is Online.
         Starting iSCSI initiator daemon (iscsid)...
[[0;32m  OK  [0m] Listening on Socket activation for snappy daemon.
[[0;32m  OK  [0m] Listening on LXD - unix socket.
[[0;32m  OK  [0m] Reached target Sockets.
[[0;32m  OK  [0m] Reached target Basic System.
         Starting Login Service...
         Starting Apply the settings specified in cloud-config...
[[0;32m  OK  [0m] Started Unattended Upgrades Shutdown.
         Starting LSB: MD monitoring daemon...
         Starting Accounts Service...
         Starting MySQL Community Server...
         Starting /etc/rc.local Compatibility...
[[0;32m  OK  [0m] Started D-Bus System Message Bus.
[   25.955335] cloud-init[1012]: Cloud-init v. 18.2 running 'modules:config' at Thu, 19 Jul 2018 18:56:49 +0000. Up 25.20 seconds.
[[0;32m  OK  [0m] Started FUSE filesystem for LXC.
         Starting System Logging Service...
         Starting Virtualbox guest utils...
[[0;32m  OK  [0m] Started Deferred execution scheduler.
         Starting LXD - container startup/shutdown...
[[0;32m  OK  [0m] Started ACPI event daemon.
         Starting LSB: Record successful boot for GRUB...
         Starting OpenBSD Secure Shell server...
[[0;32m  OK  [0m] Started Regular background program processing daemon.
         Starting Snappy daemon...
[[0;32m  OK  [0m] Started iSCSI initiator daemon (iscsid).
[[0;32m  OK  [0m] Started Apply the settings specified in cloud-config.
[[0;32m  OK  [0m] Started /etc/rc.local Compatibility.
[[0;32m  OK  [0m] Started Login Service.
         Starting Authenticate and Authorize Users to Run Privileged Tasks...
         Starting Login to default iSCSI targets...
[[0;32m  OK  [0m] Started LSB: Record successful boot for GRUB.
[[0;32m  OK  [0m] Started Login to default iSCSI targets.
[[0;32m  OK  [0m] Reached target Remote File Systems (Pre).
[[0;32m  OK  [0m] Reached target Remote File Systems.
         Starting Permit User Sessions...
         Starting LSB: Apache2 web server...
         Starting LSB: automatic crash report generation...
         Starting LSB: Set the CPU Frequency Scaling governor to "ondemand"...
         Starting LSB: daemon to balance interrupts for SMP systems...
[[0;32m  OK  [0m] Started LSB: Set the CPU Frequency Scaling governor to "ondemand".
[[0;32m  OK  [0m] Started Permit User Sessions.
         Starting Terminate Plymouth Boot Screen...
         Starting Hold until boot process finishes up...
[[0;32m  OK  [0m] Started Hold until boot process finishes up.
[[0;32m  OK  [0m] Started Terminate Plymouth Boot Screen.
[[0;32m  OK  [0m] Started Getty on tty1.
         Starting Set console scheme...
[[0;32m  OK  [0m] Started Serial Getty on ttyS0.
[[0;32m  OK  [0m] Reached target Login Prompts.
[[0;32m  OK  [0m] Started LSB: MD monitoring daemon.
[[0;32m  OK  [0m] Started System Logging Service.
[[0;32m  OK  [0m] Started LSB: daemon to balance interrupts for SMP systems.
[[0;32m  OK  [0m] Started Set console scheme.
[[0;32m  OK  [0m] Started LSB: automatic crash report generation.
[[0;32m  OK  [0m] Started Authenticate and Authorize Users to Run Privileged Tasks.
[[0;32m  OK  [0m] Started Accounts Service.
[[0;32m  OK  [0m] Started OpenBSD Secure Shell server.
[[0;32m  OK  [0m] Started Virtualbox guest utils.
[[0;32m  OK  [0m] Created slice User Slice of vagrant.
         Starting User Manager for UID 1000...
[[0;32m  OK  [0m] Started Session 1 of user vagrant.
[[0;32m  OK  [0m] Started User Manager for UID 1000.

Ubuntu 16.04.5 LTS pythonlamp ttyS0

pythonlamp login: [   38.909396] cloud-init[1519]: Cloud-init v. 18.2 running 'modules:final' at Thu, 19 Jul 2018 18:57:02 +0000. Up 38.73 seconds.
[   38.909797] cloud-init[1519]: Cloud-init v. 18.2 finished at Thu, 19 Jul 2018 18:57:02 +0000. Datasource DataSourceNoCloud [seed=/dev/sdb][dsmode=net].  Up 38.90 seconds
